<?xml version="1.0" encoding="UTF-8"?>
<!-- Generated by org.testng.reporters.JUnitReportReporter -->
<testsuite hostname="DESKTOP-BH6LQCD" failures="0" tests="2" name="runner.TesgNGTestRunner" time="6.372" errors="0" timestamp="2024-11-03T22:42:59 IST" skipped="0">
  <testcase classname="runner.TesgNGTestRunner" name="runScenario" time="4.148"/>
  <testcase classname="runner.TesgNGTestRunner" name="runScenario" time="2.224"/>
</testsuite> <!-- runner.TesgNGTestRunner -->
